{
  "stats": {
    "suites": 8,
    "tests": 4,
    "passes": 4,
    "pending": 0,
    "failures": 0,
    "start": "2025-06-07T17:43:08.523Z",
    "end": "2025-06-07T17:43:43.124Z",
    "duration": 34601,
    "testsRegistered": 4,
    "passPercent": 100,
    "pendingPercent": 0,
    "other": 0,
    "hasOther": false,
    "skipped": 0,
    "hasSkipped": false
  },
  "results": [
    {
      "uuid": "dbaad944-8c74-47b5-8725-142c1ac38bda",
      "title": "",
      "fullFile": "",
      "file": "",
      "beforeHooks": [],
      "afterHooks": [],
      "tests": [],
      "suites": [
        {
          "uuid": "c7438a94-3077-4040-82e0-8e7ecf7e68a9",
          "title": "Mentoring Schedule Flow on Chromium - Dealls QA Test",
          "fullFile": "D:\\QA\\Playwright\\dev-dealls-qa-test\\tests\\b-mentoring-no-selected-subject.spec.js",
          "file": "\\tests\\b-mentoring-no-selected-subject.spec.js",
          "beforeHooks": [
            {
              "title": "\"before all\" hook in \"Mentoring Schedule Flow on Chromium - Dealls QA Test\"",
              "fullTitle": "Mentoring Schedule Flow on Chromium - Dealls QA Test \"before all\" hook in \"Mentoring Schedule Flow on Chromium - Dealls QA Test\"",
              "timedOut": false,
              "duration": 504,
              "state": null,
              "speed": null,
              "pass": false,
              "fail": false,
              "pending": false,
              "context": null,
              "code": "browser = await launcher.launch({\n  headless: false,\n});",
              "err": {},
              "uuid": "e860a779-0d83-4592-88f3-5edf3c93271b",
              "parentUUID": "c7438a94-3077-4040-82e0-8e7ecf7e68a9",
              "isHook": true,
              "skipped": false
            },
            {
              "title": "\"before each\" hook in \"Mentoring Schedule Flow on Chromium - Dealls QA Test\"",
              "fullTitle": "Mentoring Schedule Flow on Chromium - Dealls QA Test \"before each\" hook in \"Mentoring Schedule Flow on Chromium - Dealls QA Test\"",
              "timedOut": false,
              "duration": 4633,
              "state": null,
              "speed": null,
              "pass": false,
              "fail": false,
              "pending": false,
              "context": null,
              "code": "context = await browser.newContext(contextOptions);\npage = await context.newPage();\nawait page.goto(\n  \"https://job-portal-user-dev-skx7zw44dq-et.a.run.app/mentoring\"\n);\nawait page.click(\"xpath=//img[@alt='Cika']\");\nawait page.waitForURL(\"**/mentoring/cika-143\");\nawait page.click(\"xpath=//button[text()='Ajukan Jadwal']\");",
              "err": {},
              "uuid": "ade9021f-e3e5-437c-ab1b-0cd31358b15c",
              "parentUUID": "c7438a94-3077-4040-82e0-8e7ecf7e68a9",
              "isHook": true,
              "skipped": false
            }
          ],
          "afterHooks": [
            {
              "title": "\"after all\" hook in \"Mentoring Schedule Flow on Chromium - Dealls QA Test\"",
              "fullTitle": "Mentoring Schedule Flow on Chromium - Dealls QA Test \"after all\" hook in \"Mentoring Schedule Flow on Chromium - Dealls QA Test\"",
              "timedOut": false,
              "duration": 572,
              "state": null,
              "speed": null,
              "pass": false,
              "fail": false,
              "pending": false,
              "context": null,
              "code": "if (browser) await browser.close();",
              "err": {},
              "uuid": "d95fd517-366f-48e9-8af1-dde2d44e7ad7",
              "parentUUID": "c7438a94-3077-4040-82e0-8e7ecf7e68a9",
              "isHook": true,
              "skipped": false
            },
            {
              "title": "\"after each\" hook in \"Mentoring Schedule Flow on Chromium - Dealls QA Test\"",
              "fullTitle": "Mentoring Schedule Flow on Chromium - Dealls QA Test \"after each\" hook in \"Mentoring Schedule Flow on Chromium - Dealls QA Test\"",
              "timedOut": false,
              "duration": 156,
              "state": null,
              "speed": null,
              "pass": false,
              "fail": false,
              "pending": false,
              "context": null,
              "code": "await context.close();",
              "err": {},
              "uuid": "726a5e07-b968-47c5-a791-e735633893f3",
              "parentUUID": "c7438a94-3077-4040-82e0-8e7ecf7e68a9",
              "isHook": true,
              "skipped": false
            }
          ],
          "tests": [],
          "suites": [
            {
              "uuid": "533d0870-9dd4-420b-93aa-a32ec9f27420",
              "title": "2. Not selecting subjects yet",
              "fullFile": "D:\\QA\\Playwright\\dev-dealls-qa-test\\tests\\b-mentoring-no-selected-subject.spec.js",
              "file": "\\tests\\b-mentoring-no-selected-subject.spec.js",
              "beforeHooks": [],
              "afterHooks": [],
              "tests": [
                {
                  "title": "should prevent continuing without selecting a topic",
                  "fullTitle": "Mentoring Schedule Flow on Chromium - Dealls QA Test 2. Not selecting subjects yet should prevent continuing without selecting a topic",
                  "timedOut": false,
                  "duration": 10,
                  "state": "passed",
                  "speed": "fast",
                  "pass": true,
                  "fail": false,
                  "pending": false,
                  "context": null,
                  "code": "const nextButton = await page.locator(\n  \"xpath=//button[@id='mentoring-schedule-topic-request-session-btn']\"\n);\nexpect(await nextButton.isDisabled()).to.be.true;",
                  "err": {},
                  "uuid": "d3a75c45-6f94-442b-a6cb-ea79d27a6333",
                  "parentUUID": "533d0870-9dd4-420b-93aa-a32ec9f27420",
                  "isHook": false,
                  "skipped": false
                }
              ],
              "suites": [],
              "passes": [
                "d3a75c45-6f94-442b-a6cb-ea79d27a6333"
              ],
              "failures": [],
              "pending": [],
              "skipped": [],
              "duration": 10,
              "root": false,
              "rootEmpty": false,
              "_timeout": 60000
            }
          ],
          "passes": [],
          "failures": [],
          "pending": [],
          "skipped": [],
          "duration": 0,
          "root": false,
          "rootEmpty": false,
          "_timeout": 60000
        },
        {
          "uuid": "8283c6b2-8c73-4687-9e3a-a58695da6d7b",
          "title": "Mentoring Schedule Flow on Firefox - Dealls QA Test",
          "fullFile": "D:\\QA\\Playwright\\dev-dealls-qa-test\\tests\\b-mentoring-no-selected-subject.spec.js",
          "file": "\\tests\\b-mentoring-no-selected-subject.spec.js",
          "beforeHooks": [
            {
              "title": "\"before all\" hook in \"Mentoring Schedule Flow on Firefox - Dealls QA Test\"",
              "fullTitle": "Mentoring Schedule Flow on Firefox - Dealls QA Test \"before all\" hook in \"Mentoring Schedule Flow on Firefox - Dealls QA Test\"",
              "timedOut": false,
              "duration": 953,
              "state": null,
              "speed": null,
              "pass": false,
              "fail": false,
              "pending": false,
              "context": null,
              "code": "browser = await launcher.launch({\n  headless: false,\n});",
              "err": {},
              "uuid": "814fe869-4130-4e28-91a6-4a4a49c53027",
              "parentUUID": "8283c6b2-8c73-4687-9e3a-a58695da6d7b",
              "isHook": true,
              "skipped": false
            },
            {
              "title": "\"before each\" hook in \"Mentoring Schedule Flow on Firefox - Dealls QA Test\"",
              "fullTitle": "Mentoring Schedule Flow on Firefox - Dealls QA Test \"before each\" hook in \"Mentoring Schedule Flow on Firefox - Dealls QA Test\"",
              "timedOut": false,
              "duration": 10759,
              "state": null,
              "speed": null,
              "pass": false,
              "fail": false,
              "pending": false,
              "context": null,
              "code": "context = await browser.newContext(contextOptions);\npage = await context.newPage();\nawait page.goto(\n  \"https://job-portal-user-dev-skx7zw44dq-et.a.run.app/mentoring\"\n);\nawait page.click(\"xpath=//img[@alt='Cika']\");\nawait page.waitForURL(\"**/mentoring/cika-143\");\nawait page.click(\"xpath=//button[text()='Ajukan Jadwal']\");",
              "err": {},
              "uuid": "4a481454-0111-456b-adf2-bbee3b19fb45",
              "parentUUID": "8283c6b2-8c73-4687-9e3a-a58695da6d7b",
              "isHook": true,
              "skipped": false
            }
          ],
          "afterHooks": [
            {
              "title": "\"after all\" hook in \"Mentoring Schedule Flow on Firefox - Dealls QA Test\"",
              "fullTitle": "Mentoring Schedule Flow on Firefox - Dealls QA Test \"after all\" hook in \"Mentoring Schedule Flow on Firefox - Dealls QA Test\"",
              "timedOut": false,
              "duration": 1862,
              "state": null,
              "speed": null,
              "pass": false,
              "fail": false,
              "pending": false,
              "context": null,
              "code": "if (browser) await browser.close();",
              "err": {},
              "uuid": "2bdc6a32-8338-4103-af60-5122b6267c11",
              "parentUUID": "8283c6b2-8c73-4687-9e3a-a58695da6d7b",
              "isHook": true,
              "skipped": false
            },
            {
              "title": "\"after each\" hook in \"Mentoring Schedule Flow on Firefox - Dealls QA Test\"",
              "fullTitle": "Mentoring Schedule Flow on Firefox - Dealls QA Test \"after each\" hook in \"Mentoring Schedule Flow on Firefox - Dealls QA Test\"",
              "timedOut": false,
              "duration": 128,
              "state": null,
              "speed": null,
              "pass": false,
              "fail": false,
              "pending": false,
              "context": null,
              "code": "await context.close();",
              "err": {},
              "uuid": "7ab2b383-2b32-41e6-82b0-4015a15f9b50",
              "parentUUID": "8283c6b2-8c73-4687-9e3a-a58695da6d7b",
              "isHook": true,
              "skipped": false
            }
          ],
          "tests": [],
          "suites": [
            {
              "uuid": "591367b7-cd84-4ad8-9c51-1484db662c2c",
              "title": "2. Not selecting subjects yet",
              "fullFile": "D:\\QA\\Playwright\\dev-dealls-qa-test\\tests\\b-mentoring-no-selected-subject.spec.js",
              "file": "\\tests\\b-mentoring-no-selected-subject.spec.js",
              "beforeHooks": [],
              "afterHooks": [],
              "tests": [
                {
                  "title": "should prevent continuing without selecting a topic",
                  "fullTitle": "Mentoring Schedule Flow on Firefox - Dealls QA Test 2. Not selecting subjects yet should prevent continuing without selecting a topic",
                  "timedOut": false,
                  "duration": 23,
                  "state": "passed",
                  "speed": "fast",
                  "pass": true,
                  "fail": false,
                  "pending": false,
                  "context": null,
                  "code": "const nextButton = await page.locator(\n  \"xpath=//button[@id='mentoring-schedule-topic-request-session-btn']\"\n);\nexpect(await nextButton.isDisabled()).to.be.true;",
                  "err": {},
                  "uuid": "24a93ea3-8f8e-4670-ab31-aedf9617a293",
                  "parentUUID": "591367b7-cd84-4ad8-9c51-1484db662c2c",
                  "isHook": false,
                  "skipped": false
                }
              ],
              "suites": [],
              "passes": [
                "24a93ea3-8f8e-4670-ab31-aedf9617a293"
              ],
              "failures": [],
              "pending": [],
              "skipped": [],
              "duration": 23,
              "root": false,
              "rootEmpty": false,
              "_timeout": 60000
            }
          ],
          "passes": [],
          "failures": [],
          "pending": [],
          "skipped": [],
          "duration": 0,
          "root": false,
          "rootEmpty": false,
          "_timeout": 60000
        },
        {
          "uuid": "b99b52b4-96fd-4782-a25e-bc73241f5df3",
          "title": "Mentoring Schedule Flow on WebKit - Dealls QA Test",
          "fullFile": "D:\\QA\\Playwright\\dev-dealls-qa-test\\tests\\b-mentoring-no-selected-subject.spec.js",
          "file": "\\tests\\b-mentoring-no-selected-subject.spec.js",
          "beforeHooks": [
            {
              "title": "\"before all\" hook in \"Mentoring Schedule Flow on WebKit - Dealls QA Test\"",
              "fullTitle": "Mentoring Schedule Flow on WebKit - Dealls QA Test \"before all\" hook in \"Mentoring Schedule Flow on WebKit - Dealls QA Test\"",
              "timedOut": false,
              "duration": 90,
              "state": null,
              "speed": null,
              "pass": false,
              "fail": false,
              "pending": false,
              "context": null,
              "code": "browser = await launcher.launch({\n  headless: false,\n});",
              "err": {},
              "uuid": "d3289886-8364-4558-a8b0-d4cf8cdb37e7",
              "parentUUID": "b99b52b4-96fd-4782-a25e-bc73241f5df3",
              "isHook": true,
              "skipped": false
            },
            {
              "title": "\"before each\" hook in \"Mentoring Schedule Flow on WebKit - Dealls QA Test\"",
              "fullTitle": "Mentoring Schedule Flow on WebKit - Dealls QA Test \"before each\" hook in \"Mentoring Schedule Flow on WebKit - Dealls QA Test\"",
              "timedOut": false,
              "duration": 7128,
              "state": null,
              "speed": null,
              "pass": false,
              "fail": false,
              "pending": false,
              "context": null,
              "code": "context = await browser.newContext(contextOptions);\npage = await context.newPage();\nawait page.goto(\n  \"https://job-portal-user-dev-skx7zw44dq-et.a.run.app/mentoring\"\n);\nawait page.click(\"xpath=//img[@alt='Cika']\");\nawait page.waitForURL(\"**/mentoring/cika-143\");\nawait page.click(\"xpath=//button[text()='Ajukan Jadwal']\");",
              "err": {},
              "uuid": "5a69d119-710b-4092-83b9-ab5468456474",
              "parentUUID": "b99b52b4-96fd-4782-a25e-bc73241f5df3",
              "isHook": true,
              "skipped": false
            }
          ],
          "afterHooks": [
            {
              "title": "\"after all\" hook in \"Mentoring Schedule Flow on WebKit - Dealls QA Test\"",
              "fullTitle": "Mentoring Schedule Flow on WebKit - Dealls QA Test \"after all\" hook in \"Mentoring Schedule Flow on WebKit - Dealls QA Test\"",
              "timedOut": false,
              "duration": 130,
              "state": null,
              "speed": null,
              "pass": false,
              "fail": false,
              "pending": false,
              "context": null,
              "code": "if (browser) await browser.close();",
              "err": {},
              "uuid": "9c8a0795-49f5-4ddf-9436-b9f9d7184891",
              "parentUUID": "b99b52b4-96fd-4782-a25e-bc73241f5df3",
              "isHook": true,
              "skipped": false
            },
            {
              "title": "\"after each\" hook in \"Mentoring Schedule Flow on WebKit - Dealls QA Test\"",
              "fullTitle": "Mentoring Schedule Flow on WebKit - Dealls QA Test \"after each\" hook in \"Mentoring Schedule Flow on WebKit - Dealls QA Test\"",
              "timedOut": false,
              "duration": 70,
              "state": null,
              "speed": null,
              "pass": false,
              "fail": false,
              "pending": false,
              "context": null,
              "code": "await context.close();",
              "err": {},
              "uuid": "89f069e4-e9e7-4134-aa84-9dbccafa3e32",
              "parentUUID": "b99b52b4-96fd-4782-a25e-bc73241f5df3",
              "isHook": true,
              "skipped": false
            }
          ],
          "tests": [],
          "suites": [
            {
              "uuid": "611ac28d-17b6-414a-8e40-96d41bad0686",
              "title": "2. Not selecting subjects yet",
              "fullFile": "D:\\QA\\Playwright\\dev-dealls-qa-test\\tests\\b-mentoring-no-selected-subject.spec.js",
              "file": "\\tests\\b-mentoring-no-selected-subject.spec.js",
              "beforeHooks": [],
              "afterHooks": [],
              "tests": [
                {
                  "title": "should prevent continuing without selecting a topic",
                  "fullTitle": "Mentoring Schedule Flow on WebKit - Dealls QA Test 2. Not selecting subjects yet should prevent continuing without selecting a topic",
                  "timedOut": false,
                  "duration": 23,
                  "state": "passed",
                  "speed": "fast",
                  "pass": true,
                  "fail": false,
                  "pending": false,
                  "context": null,
                  "code": "const nextButton = await page.locator(\n  \"xpath=//button[@id='mentoring-schedule-topic-request-session-btn']\"\n);\nexpect(await nextButton.isDisabled()).to.be.true;",
                  "err": {},
                  "uuid": "f7e882b3-81c3-42b2-abf2-fb59ee481e47",
                  "parentUUID": "611ac28d-17b6-414a-8e40-96d41bad0686",
                  "isHook": false,
                  "skipped": false
                }
              ],
              "suites": [],
              "passes": [
                "f7e882b3-81c3-42b2-abf2-fb59ee481e47"
              ],
              "failures": [],
              "pending": [],
              "skipped": [],
              "duration": 23,
              "root": false,
              "rootEmpty": false,
              "_timeout": 60000
            }
          ],
          "passes": [],
          "failures": [],
          "pending": [],
          "skipped": [],
          "duration": 0,
          "root": false,
          "rootEmpty": false,
          "_timeout": 60000
        },
        {
          "uuid": "139e9dcd-2b0a-436e-b7fe-9dff5517162f",
          "title": "Mentoring Schedule Flow on Mobile - iPhone 12 - Dealls QA Test",
          "fullFile": "D:\\QA\\Playwright\\dev-dealls-qa-test\\tests\\b-mentoring-no-selected-subject.spec.js",
          "file": "\\tests\\b-mentoring-no-selected-subject.spec.js",
          "beforeHooks": [
            {
              "title": "\"before all\" hook in \"Mentoring Schedule Flow on Mobile - iPhone 12 - Dealls QA Test\"",
              "fullTitle": "Mentoring Schedule Flow on Mobile - iPhone 12 - Dealls QA Test \"before all\" hook in \"Mentoring Schedule Flow on Mobile - iPhone 12 - Dealls QA Test\"",
              "timedOut": false,
              "duration": 418,
              "state": null,
              "speed": null,
              "pass": false,
              "fail": false,
              "pending": false,
              "context": null,
              "code": "browser = await launcher.launch({\n  headless: false,\n});",
              "err": {},
              "uuid": "095bc53f-2848-4553-8468-aeeb5b448ea2",
              "parentUUID": "139e9dcd-2b0a-436e-b7fe-9dff5517162f",
              "isHook": true,
              "skipped": false
            },
            {
              "title": "\"before each\" hook in \"Mentoring Schedule Flow on Mobile - iPhone 12 - Dealls QA Test\"",
              "fullTitle": "Mentoring Schedule Flow on Mobile - iPhone 12 - Dealls QA Test \"before each\" hook in \"Mentoring Schedule Flow on Mobile - iPhone 12 - Dealls QA Test\"",
              "timedOut": false,
              "duration": 6410,
              "state": null,
              "speed": null,
              "pass": false,
              "fail": false,
              "pending": false,
              "context": null,
              "code": "context = await browser.newContext(contextOptions);\npage = await context.newPage();\nawait page.goto(\n  \"https://job-portal-user-dev-skx7zw44dq-et.a.run.app/mentoring\"\n);\nawait page.click(\"xpath=//img[@alt='Cika']\");\nawait page.waitForURL(\"**/mentoring/cika-143\");\nawait page.click(\"xpath=//button[text()='Ajukan Jadwal']\");",
              "err": {},
              "uuid": "e549e1d2-faa7-41e9-8eeb-521cfbdc06ab",
              "parentUUID": "139e9dcd-2b0a-436e-b7fe-9dff5517162f",
              "isHook": true,
              "skipped": false
            }
          ],
          "afterHooks": [
            {
              "title": "\"after all\" hook in \"Mentoring Schedule Flow on Mobile - iPhone 12 - Dealls QA Test\"",
              "fullTitle": "Mentoring Schedule Flow on Mobile - iPhone 12 - Dealls QA Test \"after all\" hook in \"Mentoring Schedule Flow on Mobile - iPhone 12 - Dealls QA Test\"",
              "timedOut": false,
              "duration": 533,
              "state": null,
              "speed": null,
              "pass": false,
              "fail": false,
              "pending": false,
              "context": null,
              "code": "if (browser) await browser.close();",
              "err": {},
              "uuid": "40db935c-d0a5-46fb-a3f3-3b439511e288",
              "parentUUID": "139e9dcd-2b0a-436e-b7fe-9dff5517162f",
              "isHook": true,
              "skipped": false
            },
            {
              "title": "\"after each\" hook in \"Mentoring Schedule Flow on Mobile - iPhone 12 - Dealls QA Test\"",
              "fullTitle": "Mentoring Schedule Flow on Mobile - iPhone 12 - Dealls QA Test \"after each\" hook in \"Mentoring Schedule Flow on Mobile - iPhone 12 - Dealls QA Test\"",
              "timedOut": false,
              "duration": 127,
              "state": null,
              "speed": null,
              "pass": false,
              "fail": false,
              "pending": false,
              "context": null,
              "code": "await context.close();",
              "err": {},
              "uuid": "50f29c1f-db4f-485b-a272-153dfe5de194",
              "parentUUID": "139e9dcd-2b0a-436e-b7fe-9dff5517162f",
              "isHook": true,
              "skipped": false
            }
          ],
          "tests": [],
          "suites": [
            {
              "uuid": "cae1c8ab-95e2-488b-99b4-0ad1cdaecc44",
              "title": "2. Not selecting subjects yet",
              "fullFile": "D:\\QA\\Playwright\\dev-dealls-qa-test\\tests\\b-mentoring-no-selected-subject.spec.js",
              "file": "\\tests\\b-mentoring-no-selected-subject.spec.js",
              "beforeHooks": [],
              "afterHooks": [],
              "tests": [
                {
                  "title": "should prevent continuing without selecting a topic",
                  "fullTitle": "Mentoring Schedule Flow on Mobile - iPhone 12 - Dealls QA Test 2. Not selecting subjects yet should prevent continuing without selecting a topic",
                  "timedOut": false,
                  "duration": 5,
                  "state": "passed",
                  "speed": "fast",
                  "pass": true,
                  "fail": false,
                  "pending": false,
                  "context": null,
                  "code": "const nextButton = await page.locator(\n  \"xpath=//button[@id='mentoring-schedule-topic-request-session-btn']\"\n);\nexpect(await nextButton.isDisabled()).to.be.true;",
                  "err": {},
                  "uuid": "f979e9e1-42a9-4b4a-ae04-8bdb1540f23e",
                  "parentUUID": "cae1c8ab-95e2-488b-99b4-0ad1cdaecc44",
                  "isHook": false,
                  "skipped": false
                }
              ],
              "suites": [],
              "passes": [
                "f979e9e1-42a9-4b4a-ae04-8bdb1540f23e"
              ],
              "failures": [],
              "pending": [],
              "skipped": [],
              "duration": 5,
              "root": false,
              "rootEmpty": false,
              "_timeout": 60000
            }
          ],
          "passes": [],
          "failures": [],
          "pending": [],
          "skipped": [],
          "duration": 0,
          "root": false,
          "rootEmpty": false,
          "_timeout": 60000
        }
      ],
      "passes": [],
      "failures": [],
      "pending": [],
      "skipped": [],
      "duration": 0,
      "root": true,
      "rootEmpty": true,
      "_timeout": 60000
    }
  ],
  "meta": {
    "mocha": {
      "version": "11.5.0"
    },
    "mochawesome": {
      "options": {
        "quiet": false,
        "reportFilename": "mochawesome",
        "saveHtml": true,
        "saveJson": true,
        "consoleReporter": "spec",
        "useInlineDiffs": false,
        "code": true
      },
      "version": "7.1.3"
    },
    "marge": {
      "options": null,
      "version": "6.2.0"
    }
  }
}