{
  "stats": {
    "suites": 10,
    "tests": 5,
    "passes": 5,
    "pending": 0,
    "failures": 0,
    "start": "2025-06-07T15:00:20.695Z",
    "end": "2025-06-07T15:01:06.056Z",
    "duration": 45361,
    "testsRegistered": 5,
    "passPercent": 100,
    "pendingPercent": 0,
    "other": 0,
    "hasOther": false,
    "skipped": 0,
    "hasSkipped": false
  },
  "results": [
    {
      "uuid": "5e8aa802-465c-44c5-be70-1af9116319a1",
      "title": "",
      "fullFile": "",
      "file": "",
      "beforeHooks": [],
      "afterHooks": [],
      "tests": [],
      "suites": [
        {
          "uuid": "dd94ed24-1498-4535-9a99-2c93138468b5",
          "title": "Mentoring Schedule Flow - Dealls QA Test",
          "fullFile": "D:\\QA\\Playwright\\dev-dealls-qa-test\\tests\\a-mentoring-select-subject.spec.js",
          "file": "\\tests\\a-mentoring-select-subject.spec.js",
          "beforeHooks": [
            {
              "title": "\"before all\" hook in \"Mentoring Schedule Flow - Dealls QA Test\"",
              "fullTitle": "Mentoring Schedule Flow - Dealls QA Test \"before all\" hook in \"Mentoring Schedule Flow - Dealls QA Test\"",
              "timedOut": false,
              "duration": 318,
              "state": null,
              "speed": null,
              "pass": false,
              "fail": false,
              "pending": false,
              "context": null,
              "code": "browser = await chromium.launch({\n  headless: false,\n  args: [\"--start-maximized\"],\n});",
              "err": {},
              "uuid": "14cc290a-ac1e-4f54-848d-f79ebaa50f5c",
              "parentUUID": "dd94ed24-1498-4535-9a99-2c93138468b5",
              "isHook": true,
              "skipped": false
            },
            {
              "title": "\"before each\" hook in \"Mentoring Schedule Flow - Dealls QA Test\"",
              "fullTitle": "Mentoring Schedule Flow - Dealls QA Test \"before each\" hook in \"Mentoring Schedule Flow - Dealls QA Test\"",
              "timedOut": false,
              "duration": 6592,
              "state": null,
              "speed": null,
              "pass": false,
              "fail": false,
              "pending": false,
              "context": null,
              "code": "context = await browser.newContext({\n  viewport: null,\n});\npage = await context.newPage();\nawait page.goto(\n  \"https://job-portal-user-dev-skx7zw44dq-et.a.run.app/mentoring\"\n);\nawait page.click(\"xpath=//img[@alt='Cika']\");\nawait page.waitForURL(\"**/mentoring/cika-143\");\nawait page.click(\"xpath=//button[text()='Ajukan Jadwal']\");",
              "err": {},
              "uuid": "fc7686c5-54d0-4447-b0fd-9c9dda54d979",
              "parentUUID": "dd94ed24-1498-4535-9a99-2c93138468b5",
              "isHook": true,
              "skipped": false
            }
          ],
          "afterHooks": [
            {
              "title": "\"after all\" hook in \"Mentoring Schedule Flow - Dealls QA Test\"",
              "fullTitle": "Mentoring Schedule Flow - Dealls QA Test \"after all\" hook in \"Mentoring Schedule Flow - Dealls QA Test\"",
              "timedOut": false,
              "duration": 632,
              "state": null,
              "speed": null,
              "pass": false,
              "fail": false,
              "pending": false,
              "context": null,
              "code": "await browser.close();",
              "err": {},
              "uuid": "611be96c-eef4-420a-a7f9-605010086547",
              "parentUUID": "dd94ed24-1498-4535-9a99-2c93138468b5",
              "isHook": true,
              "skipped": false
            },
            {
              "title": "\"after each\" hook in \"Mentoring Schedule Flow - Dealls QA Test\"",
              "fullTitle": "Mentoring Schedule Flow - Dealls QA Test \"after each\" hook in \"Mentoring Schedule Flow - Dealls QA Test\"",
              "timedOut": false,
              "duration": 223,
              "state": null,
              "speed": null,
              "pass": false,
              "fail": false,
              "pending": false,
              "context": null,
              "code": "await context.close();",
              "err": {},
              "uuid": "f8e959c2-710d-42ed-9b5f-f0f742008e8e",
              "parentUUID": "dd94ed24-1498-4535-9a99-2c93138468b5",
              "isHook": true,
              "skipped": false
            }
          ],
          "tests": [],
          "suites": [
            {
              "uuid": "a8a326dc-d836-4bd2-b242-f5accd981262",
              "title": "1. Select available subject",
              "fullFile": "D:\\QA\\Playwright\\dev-dealls-qa-test\\tests\\a-mentoring-select-subject.spec.js",
              "file": "\\tests\\a-mentoring-select-subject.spec.js",
              "beforeHooks": [],
              "afterHooks": [],
              "tests": [
                {
                  "title": "should allow user to select a topic and continue scheduling",
                  "fullTitle": "Mentoring Schedule Flow - Dealls QA Test 1. Select available subject should allow user to select a topic and continue scheduling",
                  "timedOut": false,
                  "duration": 5030,
                  "state": "passed",
                  "speed": "slow",
                  "pass": true,
                  "fail": false,
                  "pending": false,
                  "context": null,
                  "code": "await page.click(\"xpath=//button//div[text()='LPDP']\");\nawait page.click(\n  \"xpath=//button[@id='mentoring-schedule-topic-request-session-btn']\"\n);\nawait page.click(\"xpath=//div[text()='Select Date Range']\");\nawait page.click(\"xpath=//span[text()='9']\");\nawait page.click(\"xpath=//span[text()='15']\");\nawait page.fill(\"xpath=//input[@id='proposedTimes_0_startTime']\", \"0821\");\nawait page.fill(\"xpath=//input[@id='proposedTimes_0_endTime']\", \"2321\");\nawait page.fill(\n  \"xpath=//textarea[@id='notes']\",\n  `Hi Cika, Saya Nurul Arifin & saya berharap dapat memiliki sesi mentoring dengan Anda.\nSaat ini, saya tertarik untuk mengejar Beasiswa LPDP. Tujuan saya untuk sesi ini adalah Meningkatkan persentase lulus LPDP.\nSaya ingin tahu secara khusus tentang test-test di LPDP.\n1. Score IELTS\n2. Pertanyaan interview`\n);\nawait page.click(\n  \"xpath=//button[@id='mentoring-schedule-pick-schedule-request-session-btn']\"\n);\nawait page.fill(\"xpath=//input[@id='fullName']\", \"Nurul Arifin\");\nawait page.fill(\"xpath=//input[@id='whatsapp']\", \"62123456789\");\nawait page.fill(\"xpath=//input[@id='email']\", \"dasss@dealls.com\");\nawait page.fill(\"xpath=//input[@id='birthDate']\", \"09/10/1995\");\nawait page.click(\n  \"xpath=//button[@id='mentoring-schedule-personal-information-request-session-btn']//span[text()='Selanjutnya']\"\n);\nawait page.fill(\"xpath=//input[@id='password']\", \"TestPassword123\");\nawait page.fill(\n  \"xpath=//input[@id='confirmPassword']\",\n  \"TestPassword123\"\n);\nawait page.check(\"xpath=//input[@type='checkbox' and @value='1']\");\nawait page.check(\"xpath=//input[@type='checkbox' and @value='3']\");\nawait page.click(\n  \"xpath=//button[@id='mentoring-schedule-finish-request-session-btn']\"\n);\nawait page.click(\"xpath=//button//span[text()='Lihat Detailnya']\");\nconst confirmation = await page.textContent(\n  \"xpath=//div[@class='font-bold text-[10px] text-white lg:text-[13px]']\"\n);\nexpect(confirmation).to.not.be.null;",
                  "err": {},
                  "uuid": "0c4e34c0-006b-48b0-afdb-868f835b3598",
                  "parentUUID": "a8a326dc-d836-4bd2-b242-f5accd981262",
                  "isHook": false,
                  "skipped": false
                }
              ],
              "suites": [],
              "passes": [
                "0c4e34c0-006b-48b0-afdb-868f835b3598"
              ],
              "failures": [],
              "pending": [],
              "skipped": [],
              "duration": 5030,
              "root": false,
              "rootEmpty": false,
              "_timeout": 60000
            }
          ],
          "passes": [],
          "failures": [],
          "pending": [],
          "skipped": [],
          "duration": 0,
          "root": false,
          "rootEmpty": false,
          "_timeout": 60000
        },
        {
          "uuid": "e0d524ce-9479-45ea-898c-3c36df0e5f16",
          "title": "Mentoring Schedule Flow on Chromium - Dealls QA Test",
          "fullFile": "D:\\QA\\Playwright\\dev-dealls-qa-test\\tests\\b-mentoring-no-selected-subject.spec.js",
          "file": "\\tests\\b-mentoring-no-selected-subject.spec.js",
          "beforeHooks": [
            {
              "title": "\"before all\" hook in \"Mentoring Schedule Flow on Chromium - Dealls QA Test\"",
              "fullTitle": "Mentoring Schedule Flow on Chromium - Dealls QA Test \"before all\" hook in \"Mentoring Schedule Flow on Chromium - Dealls QA Test\"",
              "timedOut": false,
              "duration": 305,
              "state": null,
              "speed": null,
              "pass": false,
              "fail": false,
              "pending": false,
              "context": null,
              "code": "browser = await launcher.launch({\n  headless: false,\n  args: [\"--start-maximized\"],\n});",
              "err": {},
              "uuid": "4a55d2ef-e6e9-43ac-ba49-4351c81f6ebf",
              "parentUUID": "e0d524ce-9479-45ea-898c-3c36df0e5f16",
              "isHook": true,
              "skipped": false
            },
            {
              "title": "\"before each\" hook in \"Mentoring Schedule Flow on Chromium - Dealls QA Test\"",
              "fullTitle": "Mentoring Schedule Flow on Chromium - Dealls QA Test \"before each\" hook in \"Mentoring Schedule Flow on Chromium - Dealls QA Test\"",
              "timedOut": false,
              "duration": 4979,
              "state": null,
              "speed": null,
              "pass": false,
              "fail": false,
              "pending": false,
              "context": null,
              "code": "context = await browser.newContext(contextOptions);\npage = await context.newPage();\nawait page.goto(\n  \"https://job-portal-user-dev-skx7zw44dq-et.a.run.app/mentoring\"\n);\nawait page.click(\"xpath=//img[@alt='Cika']\");\nawait page.waitForURL(\"**/mentoring/cika-143\");\nawait page.click(\"xpath=//button[text()='Ajukan Jadwal']\");",
              "err": {},
              "uuid": "de1b05ec-7af2-4ea9-b4bb-f58bd5767429",
              "parentUUID": "e0d524ce-9479-45ea-898c-3c36df0e5f16",
              "isHook": true,
              "skipped": false
            }
          ],
          "afterHooks": [
            {
              "title": "\"after all\" hook in \"Mentoring Schedule Flow on Chromium - Dealls QA Test\"",
              "fullTitle": "Mentoring Schedule Flow on Chromium - Dealls QA Test \"after all\" hook in \"Mentoring Schedule Flow on Chromium - Dealls QA Test\"",
              "timedOut": false,
              "duration": 724,
              "state": null,
              "speed": null,
              "pass": false,
              "fail": false,
              "pending": false,
              "context": null,
              "code": "await browser.close();",
              "err": {},
              "uuid": "93abe7c7-ec29-4b62-ac75-aa9eee075a76",
              "parentUUID": "e0d524ce-9479-45ea-898c-3c36df0e5f16",
              "isHook": true,
              "skipped": false
            },
            {
              "title": "\"after each\" hook in \"Mentoring Schedule Flow on Chromium - Dealls QA Test\"",
              "fullTitle": "Mentoring Schedule Flow on Chromium - Dealls QA Test \"after each\" hook in \"Mentoring Schedule Flow on Chromium - Dealls QA Test\"",
              "timedOut": false,
              "duration": 121,
              "state": null,
              "speed": null,
              "pass": false,
              "fail": false,
              "pending": false,
              "context": null,
              "code": "await context.close();",
              "err": {},
              "uuid": "eb3a204b-4421-4e77-a144-beccccb1ceed",
              "parentUUID": "e0d524ce-9479-45ea-898c-3c36df0e5f16",
              "isHook": true,
              "skipped": false
            }
          ],
          "tests": [],
          "suites": [
            {
              "uuid": "a794425f-6e27-48e1-b9d9-caea7f1825f2",
              "title": "2. Not selecting subjects yet",
              "fullFile": "D:\\QA\\Playwright\\dev-dealls-qa-test\\tests\\b-mentoring-no-selected-subject.spec.js",
              "file": "\\tests\\b-mentoring-no-selected-subject.spec.js",
              "beforeHooks": [],
              "afterHooks": [],
              "tests": [
                {
                  "title": "should prevent continuing without selecting a topic",
                  "fullTitle": "Mentoring Schedule Flow on Chromium - Dealls QA Test 2. Not selecting subjects yet should prevent continuing without selecting a topic",
                  "timedOut": false,
                  "duration": 6,
                  "state": "passed",
                  "speed": "fast",
                  "pass": true,
                  "fail": false,
                  "pending": false,
                  "context": null,
                  "code": "const nextButton = await page.locator(\n  \"xpath=//button[@id='mentoring-schedule-topic-request-session-btn']\"\n);\nexpect(await nextButton.isDisabled()).to.be.true;",
                  "err": {},
                  "uuid": "888e6e43-b3aa-44ea-bfc8-c1ffbbb9ec10",
                  "parentUUID": "a794425f-6e27-48e1-b9d9-caea7f1825f2",
                  "isHook": false,
                  "skipped": false
                }
              ],
              "suites": [],
              "passes": [
                "888e6e43-b3aa-44ea-bfc8-c1ffbbb9ec10"
              ],
              "failures": [],
              "pending": [],
              "skipped": [],
              "duration": 6,
              "root": false,
              "rootEmpty": false,
              "_timeout": 60000
            }
          ],
          "passes": [],
          "failures": [],
          "pending": [],
          "skipped": [],
          "duration": 0,
          "root": false,
          "rootEmpty": false,
          "_timeout": 60000
        },
        {
          "uuid": "01d521b2-a7b7-4e84-839c-06a661dcc5f6",
          "title": "Mentoring Schedule Flow on Firefox - Dealls QA Test",
          "fullFile": "D:\\QA\\Playwright\\dev-dealls-qa-test\\tests\\b-mentoring-no-selected-subject.spec.js",
          "file": "\\tests\\b-mentoring-no-selected-subject.spec.js",
          "beforeHooks": [
            {
              "title": "\"before all\" hook in \"Mentoring Schedule Flow on Firefox - Dealls QA Test\"",
              "fullTitle": "Mentoring Schedule Flow on Firefox - Dealls QA Test \"before all\" hook in \"Mentoring Schedule Flow on Firefox - Dealls QA Test\"",
              "timedOut": false,
              "duration": 1019,
              "state": null,
              "speed": null,
              "pass": false,
              "fail": false,
              "pending": false,
              "context": null,
              "code": "browser = await launcher.launch({\n  headless: false,\n  args: [\"--start-maximized\"],\n});",
              "err": {},
              "uuid": "198f02e1-b75a-4a1a-9457-5f19fd24c570",
              "parentUUID": "01d521b2-a7b7-4e84-839c-06a661dcc5f6",
              "isHook": true,
              "skipped": false
            },
            {
              "title": "\"before each\" hook in \"Mentoring Schedule Flow on Firefox - Dealls QA Test\"",
              "fullTitle": "Mentoring Schedule Flow on Firefox - Dealls QA Test \"before each\" hook in \"Mentoring Schedule Flow on Firefox - Dealls QA Test\"",
              "timedOut": false,
              "duration": 10272,
              "state": null,
              "speed": null,
              "pass": false,
              "fail": false,
              "pending": false,
              "context": null,
              "code": "context = await browser.newContext(contextOptions);\npage = await context.newPage();\nawait page.goto(\n  \"https://job-portal-user-dev-skx7zw44dq-et.a.run.app/mentoring\"\n);\nawait page.click(\"xpath=//img[@alt='Cika']\");\nawait page.waitForURL(\"**/mentoring/cika-143\");\nawait page.click(\"xpath=//button[text()='Ajukan Jadwal']\");",
              "err": {},
              "uuid": "fe680a64-1827-4fbc-afd1-1d0b0958152a",
              "parentUUID": "01d521b2-a7b7-4e84-839c-06a661dcc5f6",
              "isHook": true,
              "skipped": false
            }
          ],
          "afterHooks": [
            {
              "title": "\"after all\" hook in \"Mentoring Schedule Flow on Firefox - Dealls QA Test\"",
              "fullTitle": "Mentoring Schedule Flow on Firefox - Dealls QA Test \"after all\" hook in \"Mentoring Schedule Flow on Firefox - Dealls QA Test\"",
              "timedOut": false,
              "duration": 1677,
              "state": null,
              "speed": null,
              "pass": false,
              "fail": false,
              "pending": false,
              "context": null,
              "code": "await browser.close();",
              "err": {},
              "uuid": "aa956970-b9c6-4ab4-bcd7-da45d6bc062b",
              "parentUUID": "01d521b2-a7b7-4e84-839c-06a661dcc5f6",
              "isHook": true,
              "skipped": false
            },
            {
              "title": "\"after each\" hook in \"Mentoring Schedule Flow on Firefox - Dealls QA Test\"",
              "fullTitle": "Mentoring Schedule Flow on Firefox - Dealls QA Test \"after each\" hook in \"Mentoring Schedule Flow on Firefox - Dealls QA Test\"",
              "timedOut": false,
              "duration": 114,
              "state": null,
              "speed": null,
              "pass": false,
              "fail": false,
              "pending": false,
              "context": null,
              "code": "await context.close();",
              "err": {},
              "uuid": "7afaf3dc-dbfd-4e7c-ad84-45d4217a0b52",
              "parentUUID": "01d521b2-a7b7-4e84-839c-06a661dcc5f6",
              "isHook": true,
              "skipped": false
            }
          ],
          "tests": [],
          "suites": [
            {
              "uuid": "4555ad5a-808a-4006-b82d-0dd52498884c",
              "title": "2. Not selecting subjects yet",
              "fullFile": "D:\\QA\\Playwright\\dev-dealls-qa-test\\tests\\b-mentoring-no-selected-subject.spec.js",
              "file": "\\tests\\b-mentoring-no-selected-subject.spec.js",
              "beforeHooks": [],
              "afterHooks": [],
              "tests": [
                {
                  "title": "should prevent continuing without selecting a topic",
                  "fullTitle": "Mentoring Schedule Flow on Firefox - Dealls QA Test 2. Not selecting subjects yet should prevent continuing without selecting a topic",
                  "timedOut": false,
                  "duration": 64,
                  "state": "passed",
                  "speed": "medium",
                  "pass": true,
                  "fail": false,
                  "pending": false,
                  "context": null,
                  "code": "const nextButton = await page.locator(\n  \"xpath=//button[@id='mentoring-schedule-topic-request-session-btn']\"\n);\nexpect(await nextButton.isDisabled()).to.be.true;",
                  "err": {},
                  "uuid": "50367591-eec6-4b64-8786-f5d804f5acf5",
                  "parentUUID": "4555ad5a-808a-4006-b82d-0dd52498884c",
                  "isHook": false,
                  "skipped": false
                }
              ],
              "suites": [],
              "passes": [
                "50367591-eec6-4b64-8786-f5d804f5acf5"
              ],
              "failures": [],
              "pending": [],
              "skipped": [],
              "duration": 64,
              "root": false,
              "rootEmpty": false,
              "_timeout": 60000
            }
          ],
          "passes": [],
          "failures": [],
          "pending": [],
          "skipped": [],
          "duration": 0,
          "root": false,
          "rootEmpty": false,
          "_timeout": 60000
        },
        {
          "uuid": "b7cd99f3-63c5-4fe3-afa7-f8f358015578",
          "title": "Mentoring Schedule Flow on WebKit - Dealls QA Test",
          "fullFile": "D:\\QA\\Playwright\\dev-dealls-qa-test\\tests\\b-mentoring-no-selected-subject.spec.js",
          "file": "\\tests\\b-mentoring-no-selected-subject.spec.js",
          "beforeHooks": [
            {
              "title": "\"before all\" hook in \"Mentoring Schedule Flow on WebKit - Dealls QA Test\"",
              "fullTitle": "Mentoring Schedule Flow on WebKit - Dealls QA Test \"before all\" hook in \"Mentoring Schedule Flow on WebKit - Dealls QA Test\"",
              "timedOut": false,
              "duration": 82,
              "state": null,
              "speed": null,
              "pass": false,
              "fail": false,
              "pending": false,
              "context": null,
              "code": "browser = await launcher.launch({\n  headless: false,\n  args: [\"--start-maximized\"],\n});",
              "err": {},
              "uuid": "97d05e38-2310-4f7e-ba3a-cfe84e4b9a83",
              "parentUUID": "b7cd99f3-63c5-4fe3-afa7-f8f358015578",
              "isHook": true,
              "skipped": false
            },
            {
              "title": "\"before each\" hook in \"Mentoring Schedule Flow on WebKit - Dealls QA Test\"",
              "fullTitle": "Mentoring Schedule Flow on WebKit - Dealls QA Test \"before each\" hook in \"Mentoring Schedule Flow on WebKit - Dealls QA Test\"",
              "timedOut": false,
              "duration": 6578,
              "state": null,
              "speed": null,
              "pass": false,
              "fail": false,
              "pending": false,
              "context": null,
              "code": "context = await browser.newContext(contextOptions);\npage = await context.newPage();\nawait page.goto(\n  \"https://job-portal-user-dev-skx7zw44dq-et.a.run.app/mentoring\"\n);\nawait page.click(\"xpath=//img[@alt='Cika']\");\nawait page.waitForURL(\"**/mentoring/cika-143\");\nawait page.click(\"xpath=//button[text()='Ajukan Jadwal']\");",
              "err": {},
              "uuid": "ba5bcd14-ae39-42f8-a31d-79322af36a15",
              "parentUUID": "b7cd99f3-63c5-4fe3-afa7-f8f358015578",
              "isHook": true,
              "skipped": false
            }
          ],
          "afterHooks": [
            {
              "title": "\"after all\" hook in \"Mentoring Schedule Flow on WebKit - Dealls QA Test\"",
              "fullTitle": "Mentoring Schedule Flow on WebKit - Dealls QA Test \"after all\" hook in \"Mentoring Schedule Flow on WebKit - Dealls QA Test\"",
              "timedOut": false,
              "duration": 63,
              "state": null,
              "speed": null,
              "pass": false,
              "fail": false,
              "pending": false,
              "context": null,
              "code": "await browser.close();",
              "err": {},
              "uuid": "ac26f774-7082-47e1-9893-f95a68646de9",
              "parentUUID": "b7cd99f3-63c5-4fe3-afa7-f8f358015578",
              "isHook": true,
              "skipped": false
            },
            {
              "title": "\"after each\" hook in \"Mentoring Schedule Flow on WebKit - Dealls QA Test\"",
              "fullTitle": "Mentoring Schedule Flow on WebKit - Dealls QA Test \"after each\" hook in \"Mentoring Schedule Flow on WebKit - Dealls QA Test\"",
              "timedOut": false,
              "duration": 55,
              "state": null,
              "speed": null,
              "pass": false,
              "fail": false,
              "pending": false,
              "context": null,
              "code": "await context.close();",
              "err": {},
              "uuid": "aa524eb6-0d06-42ec-a7c3-1d1d322f79dc",
              "parentUUID": "b7cd99f3-63c5-4fe3-afa7-f8f358015578",
              "isHook": true,
              "skipped": false
            }
          ],
          "tests": [],
          "suites": [
            {
              "uuid": "760643f2-7d02-4397-8f3b-1f68a05f14ce",
              "title": "2. Not selecting subjects yet",
              "fullFile": "D:\\QA\\Playwright\\dev-dealls-qa-test\\tests\\b-mentoring-no-selected-subject.spec.js",
              "file": "\\tests\\b-mentoring-no-selected-subject.spec.js",
              "beforeHooks": [],
              "afterHooks": [],
              "tests": [
                {
                  "title": "should prevent continuing without selecting a topic",
                  "fullTitle": "Mentoring Schedule Flow on WebKit - Dealls QA Test 2. Not selecting subjects yet should prevent continuing without selecting a topic",
                  "timedOut": false,
                  "duration": 19,
                  "state": "passed",
                  "speed": "fast",
                  "pass": true,
                  "fail": false,
                  "pending": false,
                  "context": null,
                  "code": "const nextButton = await page.locator(\n  \"xpath=//button[@id='mentoring-schedule-topic-request-session-btn']\"\n);\nexpect(await nextButton.isDisabled()).to.be.true;",
                  "err": {},
                  "uuid": "ff79958a-be0f-46dc-800b-d849fae7973d",
                  "parentUUID": "760643f2-7d02-4397-8f3b-1f68a05f14ce",
                  "isHook": false,
                  "skipped": false
                }
              ],
              "suites": [],
              "passes": [
                "ff79958a-be0f-46dc-800b-d849fae7973d"
              ],
              "failures": [],
              "pending": [],
              "skipped": [],
              "duration": 19,
              "root": false,
              "rootEmpty": false,
              "_timeout": 60000
            }
          ],
          "passes": [],
          "failures": [],
          "pending": [],
          "skipped": [],
          "duration": 0,
          "root": false,
          "rootEmpty": false,
          "_timeout": 60000
        },
        {
          "uuid": "96e85006-487f-4fcb-9744-92438cfb88ed",
          "title": "Mentoring Schedule Flow on Mobile - iPhone 12 - Dealls QA Test",
          "fullFile": "D:\\QA\\Playwright\\dev-dealls-qa-test\\tests\\b-mentoring-no-selected-subject.spec.js",
          "file": "\\tests\\b-mentoring-no-selected-subject.spec.js",
          "beforeHooks": [
            {
              "title": "\"before all\" hook in \"Mentoring Schedule Flow on Mobile - iPhone 12 - Dealls QA Test\"",
              "fullTitle": "Mentoring Schedule Flow on Mobile - iPhone 12 - Dealls QA Test \"before all\" hook in \"Mentoring Schedule Flow on Mobile - iPhone 12 - Dealls QA Test\"",
              "timedOut": false,
              "duration": 377,
              "state": null,
              "speed": null,
              "pass": false,
              "fail": false,
              "pending": false,
              "context": null,
              "code": "browser = await launcher.launch({\n  headless: false,\n  args: [\"--start-maximized\"],\n});",
              "err": {},
              "uuid": "b7bcb011-f453-4345-8d86-b9de58a82756",
              "parentUUID": "96e85006-487f-4fcb-9744-92438cfb88ed",
              "isHook": true,
              "skipped": false
            },
            {
              "title": "\"before each\" hook in \"Mentoring Schedule Flow on Mobile - iPhone 12 - Dealls QA Test\"",
              "fullTitle": "Mentoring Schedule Flow on Mobile - iPhone 12 - Dealls QA Test \"before each\" hook in \"Mentoring Schedule Flow on Mobile - iPhone 12 - Dealls QA Test\"",
              "timedOut": false,
              "duration": 5186,
              "state": null,
              "speed": null,
              "pass": false,
              "fail": false,
              "pending": false,
              "context": null,
              "code": "context = await browser.newContext(contextOptions);\npage = await context.newPage();\nawait page.goto(\n  \"https://job-portal-user-dev-skx7zw44dq-et.a.run.app/mentoring\"\n);\nawait page.click(\"xpath=//img[@alt='Cika']\");\nawait page.waitForURL(\"**/mentoring/cika-143\");\nawait page.click(\"xpath=//button[text()='Ajukan Jadwal']\");",
              "err": {},
              "uuid": "484cda7d-a028-4d96-a873-12d3a062c00c",
              "parentUUID": "96e85006-487f-4fcb-9744-92438cfb88ed",
              "isHook": true,
              "skipped": false
            }
          ],
          "afterHooks": [
            {
              "title": "\"after all\" hook in \"Mentoring Schedule Flow on Mobile - iPhone 12 - Dealls QA Test\"",
              "fullTitle": "Mentoring Schedule Flow on Mobile - iPhone 12 - Dealls QA Test \"after all\" hook in \"Mentoring Schedule Flow on Mobile - iPhone 12 - Dealls QA Test\"",
              "timedOut": false,
              "duration": 666,
              "state": null,
              "speed": null,
              "pass": false,
              "fail": false,
              "pending": false,
              "context": null,
              "code": "await browser.close();",
              "err": {},
              "uuid": "19b19dd9-7bcb-4f88-ab78-b4eea0bff9b6",
              "parentUUID": "96e85006-487f-4fcb-9744-92438cfb88ed",
              "isHook": true,
              "skipped": false
            },
            {
              "title": "\"after each\" hook in \"Mentoring Schedule Flow on Mobile - iPhone 12 - Dealls QA Test\"",
              "fullTitle": "Mentoring Schedule Flow on Mobile - iPhone 12 - Dealls QA Test \"after each\" hook in \"Mentoring Schedule Flow on Mobile - iPhone 12 - Dealls QA Test\"",
              "timedOut": false,
              "duration": 137,
              "state": null,
              "speed": null,
              "pass": false,
              "fail": false,
              "pending": false,
              "context": null,
              "code": "await context.close();",
              "err": {},
              "uuid": "ff87b4ce-900a-4948-91f6-d00640d75189",
              "parentUUID": "96e85006-487f-4fcb-9744-92438cfb88ed",
              "isHook": true,
              "skipped": false
            }
          ],
          "tests": [],
          "suites": [
            {
              "uuid": "059cfcd9-e412-4871-a6ee-c75b133ff472",
              "title": "2. Not selecting subjects yet",
              "fullFile": "D:\\QA\\Playwright\\dev-dealls-qa-test\\tests\\b-mentoring-no-selected-subject.spec.js",
              "file": "\\tests\\b-mentoring-no-selected-subject.spec.js",
              "beforeHooks": [],
              "afterHooks": [],
              "tests": [
                {
                  "title": "should prevent continuing without selecting a topic",
                  "fullTitle": "Mentoring Schedule Flow on Mobile - iPhone 12 - Dealls QA Test 2. Not selecting subjects yet should prevent continuing without selecting a topic",
                  "timedOut": false,
                  "duration": 9,
                  "state": "passed",
                  "speed": "fast",
                  "pass": true,
                  "fail": false,
                  "pending": false,
                  "context": null,
                  "code": "const nextButton = await page.locator(\n  \"xpath=//button[@id='mentoring-schedule-topic-request-session-btn']\"\n);\nexpect(await nextButton.isDisabled()).to.be.true;",
                  "err": {},
                  "uuid": "6e7dca2a-f3e9-45d6-849e-36d73f609f88",
                  "parentUUID": "059cfcd9-e412-4871-a6ee-c75b133ff472",
                  "isHook": false,
                  "skipped": false
                }
              ],
              "suites": [],
              "passes": [
                "6e7dca2a-f3e9-45d6-849e-36d73f609f88"
              ],
              "failures": [],
              "pending": [],
              "skipped": [],
              "duration": 9,
              "root": false,
              "rootEmpty": false,
              "_timeout": 60000
            }
          ],
          "passes": [],
          "failures": [],
          "pending": [],
          "skipped": [],
          "duration": 0,
          "root": false,
          "rootEmpty": false,
          "_timeout": 60000
        }
      ],
      "passes": [],
      "failures": [],
      "pending": [],
      "skipped": [],
      "duration": 0,
      "root": true,
      "rootEmpty": true,
      "_timeout": 60000
    }
  ],
  "meta": {
    "mocha": {
      "version": "11.5.0"
    },
    "mochawesome": {
      "options": {
        "quiet": false,
        "reportFilename": "mochawesome",
        "saveHtml": true,
        "saveJson": true,
        "consoleReporter": "spec",
        "useInlineDiffs": false,
        "code": true
      },
      "version": "7.1.3"
    },
    "marge": {
      "options": null,
      "version": "6.2.0"
    }
  }
}